0 info it worked if it ends with ok
1 verbose cli [ '/usr/bin/nodejs', '/usr/bin/npm', 'install', 'd3@next' ]
2 info using npm@3.5.2
3 info using node@v4.2.6
4 silly loadCurrentTree Starting
5 silly install loadCurrentTree
6 silly install readLocalPackageData
7 silly fetchPackageMetaData d3@next
8 silly fetchNamedPackageData d3
9 silly mapToRegistry name d3
10 silly mapToRegistry using default registry
11 silly mapToRegistry registry https://registry.npmjs.org/
12 silly mapToRegistry uri https://registry.npmjs.org/d3
13 verbose request uri https://registry.npmjs.org/d3
14 verbose request no auth needed
15 info attempt registry request try #1 at 12:04:44 PM
16 verbose request id e459f3c00fda367f
17 verbose etag "5a14a2d2-56679"
18 verbose lastModified Tue, 21 Nov 2017 22:04:02 GMT
19 http request GET https://registry.npmjs.org/d3
20 http 200 https://registry.npmjs.org/d3
21 verbose headers { 'content-type': 'application/json; charset=UTF-8',
21 verbose headers   server: 'UploadServer',
21 verbose headers   'cache-control': 'max-age=300',
21 verbose headers   'last-modified': 'Tue, 12 Dec 2017 5:29:02 GMT',
21 verbose headers   etag: '"5a2f691e-5668a"',
21 verbose headers   'content-length': '353930',
21 verbose headers   'accept-ranges': 'bytes',
21 verbose headers   date: 'Tue, 12 Dec 2017 19:04:44 GMT',
21 verbose headers   via: '1.1 varnish',
21 verbose headers   age: '5587',
21 verbose headers   connection: 'keep-alive',
21 verbose headers   'x-served-by': 'cache-sea1051-SEA',
21 verbose headers   'x-cache': 'HIT',
21 verbose headers   'x-cache-hits': '1',
21 verbose headers   'x-timer': 'S1513105484.172966,VS0,VE3',
21 verbose headers   vary: 'Accept-Encoding, Accept' }
22 silly get cb [ 200,
22 silly get   { 'content-type': 'application/json; charset=UTF-8',
22 silly get     server: 'UploadServer',
22 silly get     'cache-control': 'max-age=300',
22 silly get     'last-modified': 'Tue, 12 Dec 2017 5:29:02 GMT',
22 silly get     etag: '"5a2f691e-5668a"',
22 silly get     'content-length': '353930',
22 silly get     'accept-ranges': 'bytes',
22 silly get     date: 'Tue, 12 Dec 2017 19:04:44 GMT',
22 silly get     via: '1.1 varnish',
22 silly get     age: '5587',
22 silly get     connection: 'keep-alive',
22 silly get     'x-served-by': 'cache-sea1051-SEA',
22 silly get     'x-cache': 'HIT',
22 silly get     'x-cache-hits': '1',
22 silly get     'x-timer': 'S1513105484.172966,VS0,VE3',
22 silly get     vary: 'Accept-Encoding, Accept' } ]
23 verbose get saving d3 to /home/smithlab/.npm/registry.npmjs.org/d3/.cache.json
24 silly fetchPackageMetaData Error: No compatible version found: d3@next
24 silly fetchPackageMetaData Valid install targets:
24 silly fetchPackageMetaData 4.12.0, 4.11.0, 4.10.2, 4.10.1, 4.10.0, 4.9.1, 4.9.0, 4.8.0, 4.7.4, 4.7.3, 4.7.2, 4.7.1, 4.7.0, 4.6.0, 4.5.1, 4.5.0, 4.4.4, 4.4.3, 4.4.2, 4.4.1, 4.4.0, 4.3.0, 4.2.8, 4.2.7, 4.2.6, 4.2.5, 4.2.4, 4.2.3, 4.2.2, 4.2.1, 4.2.0, 4.1.1, 4.1.0, 4.0.0, 4.0.0-rc.2, 4.0.0-rc.1, 4.0.0-alpha.50, 4.0.0-alpha.49, 4.0.0-alpha.48, 4.0.0-alpha.47, 4.0.0-alpha.46, 4.0.0-alpha.45, 4.0.0-alpha.44, 4.0.0-alpha.43, 4.0.0-alpha.42, 4.0.0-alpha.41, 4.0.0-alpha.40, 4.0.0-alpha.39, 4.0.0-alpha.38, 4.0.0-alpha.37, 4.0.0-alpha.36, 4.0.0-alpha.35, 4.0.0-alpha.34, 4.0.0-alpha.33, 4.0.0-alpha.32, 4.0.0-alpha.31, 4.0.0-alpha.30, 4.0.0-alpha.29, 4.0.0-alpha.28, 4.0.0-alpha.27, 4.0.0-alpha.26, 4.0.0-alpha.25, 4.0.0-alpha.24, 4.0.0-alpha.23, 4.0.0-alpha.22, 4.0.0-alpha.21, 4.0.0-alpha.20, 4.0.0-alpha.19, 4.0.0-alpha.18, 4.0.0-alpha.17, 4.0.0-alpha.16, 4.0.0-alpha.15, 4.0.0-alpha.14, 4.0.0-alpha.13, 4.0.0-alpha.12, 4.0.0-alpha.11, 4.0.0-alpha.10, 4.0.0-alpha.9, 4.0.0-alpha.7, 4.0.0-alpha.6, 4.0.0-alpha.5, 4.0.0-alpha.4, 4.0.0-alpha.3, 4.0.0-alpha.2, 4.0.0-alpha.1, 3.5.17, 3.5.16, 3.5.15, 3.5.14, 3.5.13, 3.5.12, 3.5.11, 3.5.10, 3.5.9, 3.5.8, 3.5.7, 3.5.6, 3.5.5, 3.5.4, 3.5.3, 3.5.2, 3.5.1, 3.5.0, 3.4.13, 3.4.12, 3.4.11, 3.4.10, 3.4.9, 3.4.8, 3.4.7, 3.4.6, 3.4.5, 3.4.4, 3.4.3, 3.4.2, 3.4.1, 3.4.0, 3.3.13, 3.3.12, 3.3.11, 3.3.10, 3.3.9, 3.3.8, 3.3.7, 3.3.6, 3.3.5, 3.3.4, 3.3.3, 3.3.2, 3.3.1, 3.3.0, 3.2.8, 3.2.7, 3.2.6, 3.2.5, 3.2.4, 3.2.3, 3.2.2, 3.2.1, 3.2.0, 3.1.10, 3.1.9, 3.1.8, 3.1.7, 3.1.6, 3.1.5, 3.1.4, 3.1.3, 3.1.2, 3.1.1, 3.1.0, 3.0.8, 3.0.7, 3.0.6, 3.0.5, 3.0.4, 3.0.3, 3.0.2, 3.0.1, 3.0.0, 2.10.3, 2.10.1, 2.10.0, 2.9.7, 2.9.6, 2.9.4, 2.9.3, 2.9.2, 2.9.1, 2.9.0, 2.8.1, 2.8.0, 2.7.5, 2.7.4, 2.7.3, 2.7.2, 2.7.0, 2.6.0, 2.5.2, 2.5.1, 2.4.2, 2.4.1, 2.4.0, 2.3.4, 2.3.3, 2.3.2, 2.3.0, 2.2.1, 2.1.3, 1.29.5
24 silly fetchPackageMetaData
24 silly fetchPackageMetaData     at pickVersionFromRegistryDocument (/usr/share/npm/lib/fetch-package-metadata.js:156:16)
24 silly fetchPackageMetaData     at /usr/share/npm/node_modules/iferr/index.js:13:50
24 silly fetchPackageMetaData     at /usr/share/npm/lib/utils/pulse-till-done.js:19:8
24 silly fetchPackageMetaData     at saved (/usr/share/npm/lib/cache/caching-client.js:168:7)
24 silly fetchPackageMetaData     at /usr/share/npm/node_modules/graceful-fs/polyfills.js:210:7
24 silly fetchPackageMetaData     at FSReqWrap.oncomplete (fs.js:82:15)
24 silly fetchPackageMetaData  error for d3@next [Error: No compatible version found: d3@next
24 silly fetchPackageMetaData Valid install targets:
24 silly fetchPackageMetaData 4.12.0, 4.11.0, 4.10.2, 4.10.1, 4.10.0, 4.9.1, 4.9.0, 4.8.0, 4.7.4, 4.7.3, 4.7.2, 4.7.1, 4.7.0, 4.6.0, 4.5.1, 4.5.0, 4.4.4, 4.4.3, 4.4.2, 4.4.1, 4.4.0, 4.3.0, 4.2.8, 4.2.7, 4.2.6, 4.2.5, 4.2.4, 4.2.3, 4.2.2, 4.2.1, 4.2.0, 4.1.1, 4.1.0, 4.0.0, 4.0.0-rc.2, 4.0.0-rc.1, 4.0.0-alpha.50, 4.0.0-alpha.49, 4.0.0-alpha.48, 4.0.0-alpha.47, 4.0.0-alpha.46, 4.0.0-alpha.45, 4.0.0-alpha.44, 4.0.0-alpha.43, 4.0.0-alpha.42, 4.0.0-alpha.41, 4.0.0-alpha.40, 4.0.0-alpha.39, 4.0.0-alpha.38, 4.0.0-alpha.37, 4.0.0-alpha.36, 4.0.0-alpha.35, 4.0.0-alpha.34, 4.0.0-alpha.33, 4.0.0-alpha.32, 4.0.0-alpha.31, 4.0.0-alpha.30, 4.0.0-alpha.29, 4.0.0-alpha.28, 4.0.0-alpha.27, 4.0.0-alpha.26, 4.0.0-alpha.25, 4.0.0-alpha.24, 4.0.0-alpha.23, 4.0.0-alpha.22, 4.0.0-alpha.21, 4.0.0-alpha.20, 4.0.0-alpha.19, 4.0.0-alpha.18, 4.0.0-alpha.17, 4.0.0-alpha.16, 4.0.0-alpha.15, 4.0.0-alpha.14, 4.0.0-alpha.13, 4.0.0-alpha.12, 4.0.0-alpha.11, 4.0.0-alpha.10, 4.0.0-alpha.9, 4.0.0-alpha.7, 4.0.0-alpha.6, 4.0.0-alpha.5, 4.0.0-alpha.4, 4.0.0-alpha.3, 4.0.0-alpha.2, 4.0.0-alpha.1, 3.5.17, 3.5.16, 3.5.15, 3.5.14, 3.5.13, 3.5.12, 3.5.11, 3.5.10, 3.5.9, 3.5.8, 3.5.7, 3.5.6, 3.5.5, 3.5.4, 3.5.3, 3.5.2, 3.5.1, 3.5.0, 3.4.13, 3.4.12, 3.4.11, 3.4.10, 3.4.9, 3.4.8, 3.4.7, 3.4.6, 3.4.5, 3.4.4, 3.4.3, 3.4.2, 3.4.1, 3.4.0, 3.3.13, 3.3.12, 3.3.11, 3.3.10, 3.3.9, 3.3.8, 3.3.7, 3.3.6, 3.3.5, 3.3.4, 3.3.3, 3.3.2, 3.3.1, 3.3.0, 3.2.8, 3.2.7, 3.2.6, 3.2.5, 3.2.4, 3.2.3, 3.2.2, 3.2.1, 3.2.0, 3.1.10, 3.1.9, 3.1.8, 3.1.7, 3.1.6, 3.1.5, 3.1.4, 3.1.3, 3.1.2, 3.1.1, 3.1.0, 3.0.8, 3.0.7, 3.0.6, 3.0.5, 3.0.4, 3.0.3, 3.0.2, 3.0.1, 3.0.0, 2.10.3, 2.10.1, 2.10.0, 2.9.7, 2.9.6, 2.9.4, 2.9.3, 2.9.2, 2.9.1, 2.9.0, 2.8.1, 2.8.0, 2.7.5, 2.7.4, 2.7.3, 2.7.2, 2.7.0, 2.6.0, 2.5.2, 2.5.1, 2.4.2, 2.4.1, 2.4.0, 2.3.4, 2.3.3, 2.3.2, 2.3.0, 2.2.1, 2.1.3, 1.29.5
24 silly fetchPackageMetaData ]
25 silly rollbackFailedOptional Starting
26 silly rollbackFailedOptional Finishing
27 silly runTopLevelLifecycles Starting
28 silly runTopLevelLifecycles Finishing
29 silly install printInstalled
30 verbose stack Error: No compatible version found: d3@next
30 verbose stack Valid install targets:
30 verbose stack 4.12.0, 4.11.0, 4.10.2, 4.10.1, 4.10.0, 4.9.1, 4.9.0, 4.8.0, 4.7.4, 4.7.3, 4.7.2, 4.7.1, 4.7.0, 4.6.0, 4.5.1, 4.5.0, 4.4.4, 4.4.3, 4.4.2, 4.4.1, 4.4.0, 4.3.0, 4.2.8, 4.2.7, 4.2.6, 4.2.5, 4.2.4, 4.2.3, 4.2.2, 4.2.1, 4.2.0, 4.1.1, 4.1.0, 4.0.0, 4.0.0-rc.2, 4.0.0-rc.1, 4.0.0-alpha.50, 4.0.0-alpha.49, 4.0.0-alpha.48, 4.0.0-alpha.47, 4.0.0-alpha.46, 4.0.0-alpha.45, 4.0.0-alpha.44, 4.0.0-alpha.43, 4.0.0-alpha.42, 4.0.0-alpha.41, 4.0.0-alpha.40, 4.0.0-alpha.39, 4.0.0-alpha.38, 4.0.0-alpha.37, 4.0.0-alpha.36, 4.0.0-alpha.35, 4.0.0-alpha.34, 4.0.0-alpha.33, 4.0.0-alpha.32, 4.0.0-alpha.31, 4.0.0-alpha.30, 4.0.0-alpha.29, 4.0.0-alpha.28, 4.0.0-alpha.27, 4.0.0-alpha.26, 4.0.0-alpha.25, 4.0.0-alpha.24, 4.0.0-alpha.23, 4.0.0-alpha.22, 4.0.0-alpha.21, 4.0.0-alpha.20, 4.0.0-alpha.19, 4.0.0-alpha.18, 4.0.0-alpha.17, 4.0.0-alpha.16, 4.0.0-alpha.15, 4.0.0-alpha.14, 4.0.0-alpha.13, 4.0.0-alpha.12, 4.0.0-alpha.11, 4.0.0-alpha.10, 4.0.0-alpha.9, 4.0.0-alpha.7, 4.0.0-alpha.6, 4.0.0-alpha.5, 4.0.0-alpha.4, 4.0.0-alpha.3, 4.0.0-alpha.2, 4.0.0-alpha.1, 3.5.17, 3.5.16, 3.5.15, 3.5.14, 3.5.13, 3.5.12, 3.5.11, 3.5.10, 3.5.9, 3.5.8, 3.5.7, 3.5.6, 3.5.5, 3.5.4, 3.5.3, 3.5.2, 3.5.1, 3.5.0, 3.4.13, 3.4.12, 3.4.11, 3.4.10, 3.4.9, 3.4.8, 3.4.7, 3.4.6, 3.4.5, 3.4.4, 3.4.3, 3.4.2, 3.4.1, 3.4.0, 3.3.13, 3.3.12, 3.3.11, 3.3.10, 3.3.9, 3.3.8, 3.3.7, 3.3.6, 3.3.5, 3.3.4, 3.3.3, 3.3.2, 3.3.1, 3.3.0, 3.2.8, 3.2.7, 3.2.6, 3.2.5, 3.2.4, 3.2.3, 3.2.2, 3.2.1, 3.2.0, 3.1.10, 3.1.9, 3.1.8, 3.1.7, 3.1.6, 3.1.5, 3.1.4, 3.1.3, 3.1.2, 3.1.1, 3.1.0, 3.0.8, 3.0.7, 3.0.6, 3.0.5, 3.0.4, 3.0.3, 3.0.2, 3.0.1, 3.0.0, 2.10.3, 2.10.1, 2.10.0, 2.9.7, 2.9.6, 2.9.4, 2.9.3, 2.9.2, 2.9.1, 2.9.0, 2.8.1, 2.8.0, 2.7.5, 2.7.4, 2.7.3, 2.7.2, 2.7.0, 2.6.0, 2.5.2, 2.5.1, 2.4.2, 2.4.1, 2.4.0, 2.3.4, 2.3.3, 2.3.2, 2.3.0, 2.2.1, 2.1.3, 1.29.5
30 verbose stack
30 verbose stack     at pickVersionFromRegistryDocument (/usr/share/npm/lib/fetch-package-metadata.js:156:16)
30 verbose stack     at /usr/share/npm/node_modules/iferr/index.js:13:50
30 verbose stack     at /usr/share/npm/lib/utils/pulse-till-done.js:19:8
30 verbose stack     at saved (/usr/share/npm/lib/cache/caching-client.js:168:7)
30 verbose stack     at /usr/share/npm/node_modules/graceful-fs/polyfills.js:210:7
30 verbose stack     at FSReqWrap.oncomplete (fs.js:82:15)
31 verbose cwd /home/smithlab/FinalDataVizProject
32 error Linux 4.4.0-103-generic
33 error argv "/usr/bin/nodejs" "/usr/bin/npm" "install" "d3@next"
34 error node v4.2.6
35 error npm  v3.5.2
36 error No compatible version found: d3@next
36 error Valid install targets:
36 error 4.12.0, 4.11.0, 4.10.2, 4.10.1, 4.10.0, 4.9.1, 4.9.0, 4.8.0, 4.7.4, 4.7.3, 4.7.2, 4.7.1, 4.7.0, 4.6.0, 4.5.1, 4.5.0, 4.4.4, 4.4.3, 4.4.2, 4.4.1, 4.4.0, 4.3.0, 4.2.8, 4.2.7, 4.2.6, 4.2.5, 4.2.4, 4.2.3, 4.2.2, 4.2.1, 4.2.0, 4.1.1, 4.1.0, 4.0.0, 4.0.0-rc.2, 4.0.0-rc.1, 4.0.0-alpha.50, 4.0.0-alpha.49, 4.0.0-alpha.48, 4.0.0-alpha.47, 4.0.0-alpha.46, 4.0.0-alpha.45, 4.0.0-alpha.44, 4.0.0-alpha.43, 4.0.0-alpha.42, 4.0.0-alpha.41, 4.0.0-alpha.40, 4.0.0-alpha.39, 4.0.0-alpha.38, 4.0.0-alpha.37, 4.0.0-alpha.36, 4.0.0-alpha.35, 4.0.0-alpha.34, 4.0.0-alpha.33, 4.0.0-alpha.32, 4.0.0-alpha.31, 4.0.0-alpha.30, 4.0.0-alpha.29, 4.0.0-alpha.28, 4.0.0-alpha.27, 4.0.0-alpha.26, 4.0.0-alpha.25, 4.0.0-alpha.24, 4.0.0-alpha.23, 4.0.0-alpha.22, 4.0.0-alpha.21, 4.0.0-alpha.20, 4.0.0-alpha.19, 4.0.0-alpha.18, 4.0.0-alpha.17, 4.0.0-alpha.16, 4.0.0-alpha.15, 4.0.0-alpha.14, 4.0.0-alpha.13, 4.0.0-alpha.12, 4.0.0-alpha.11, 4.0.0-alpha.10, 4.0.0-alpha.9, 4.0.0-alpha.7, 4.0.0-alpha.6, 4.0.0-alpha.5, 4.0.0-alpha.4, 4.0.0-alpha.3, 4.0.0-alpha.2, 4.0.0-alpha.1, 3.5.17, 3.5.16, 3.5.15, 3.5.14, 3.5.13, 3.5.12, 3.5.11, 3.5.10, 3.5.9, 3.5.8, 3.5.7, 3.5.6, 3.5.5, 3.5.4, 3.5.3, 3.5.2, 3.5.1, 3.5.0, 3.4.13, 3.4.12, 3.4.11, 3.4.10, 3.4.9, 3.4.8, 3.4.7, 3.4.6, 3.4.5, 3.4.4, 3.4.3, 3.4.2, 3.4.1, 3.4.0, 3.3.13, 3.3.12, 3.3.11, 3.3.10, 3.3.9, 3.3.8, 3.3.7, 3.3.6, 3.3.5, 3.3.4, 3.3.3, 3.3.2, 3.3.1, 3.3.0, 3.2.8, 3.2.7, 3.2.6, 3.2.5, 3.2.4, 3.2.3, 3.2.2, 3.2.1, 3.2.0, 3.1.10, 3.1.9, 3.1.8, 3.1.7, 3.1.6, 3.1.5, 3.1.4, 3.1.3, 3.1.2, 3.1.1, 3.1.0, 3.0.8, 3.0.7, 3.0.6, 3.0.5, 3.0.4, 3.0.3, 3.0.2, 3.0.1, 3.0.0, 2.10.3, 2.10.1, 2.10.0, 2.9.7, 2.9.6, 2.9.4, 2.9.3, 2.9.2, 2.9.1, 2.9.0, 2.8.1, 2.8.0, 2.7.5, 2.7.4, 2.7.3, 2.7.2, 2.7.0, 2.6.0, 2.5.2, 2.5.1, 2.4.2, 2.4.1, 2.4.0, 2.3.4, 2.3.3, 2.3.2, 2.3.0, 2.2.1, 2.1.3, 1.29.5
37 error If you need help, you may report this error at:
37 error     <https://github.com/npm/npm/issues>
38 verbose exit [ 1, true ]
